E:\REFCODE\C#\INVOKEC++DLL\EXPORTDLL\EXPORTDLL\X64\RELEASE\EXPORTDLL.PCH
E:\REFCODE\C#\INVOKEC++DLL\EXPORTDLL\EXPORTDLL\X64\RELEASE\STDAFX.OBJ
E:\REFCODE\C#\INVOKEC++DLL\EXPORTDLL\EXPORTDLL\X64\RELEASE\VC110.PDB
E:\REFCODE\C#\INVOKEC++DLL\EXPORTDLL\EXPORTDLL\X64\RELEASE\DLLMAIN.OBJ
E:\REFCODE\C#\INVOKEC++DLL\EXPORTDLL\EXPORTDLL\X64\RELEASE\EXPORTDLLAPI.OBJ
E:\RefCode\C#\InvokeC++DLL\ExportDll\x64\Release\ExportDll.lib
E:\RefCode\C#\InvokeC++DLL\ExportDll\x64\Release\ExportDll.exp
E:\REFCODE\C#\INVOKEC++DLL\EXPORTDLL\X64\RELEASE\EXPORTDLL.DLL
E:\REFCODE\C#\INVOKEC++DLL\EXPORTDLL\X64\RELEASE\EXPORTDLL.PDB
E:\RefCode\C#\InvokeC++DLL\ExportDll\ExportDll\x64\Release\dllmain.obj
E:\RefCode\C#\InvokeC++DLL\ExportDll\ExportDll\x64\Release\ExportDllAPI.obj
E:\RefCode\C#\InvokeC++DLL\ExportDll\ExportDll\x64\Release\stdafx.obj
E:\RefCode\C#\InvokeC++DLL\ExportDll\ExportDll\x64\Release\cl.command.1.tlog
E:\RefCode\C#\InvokeC++DLL\ExportDll\ExportDll\x64\Release\CL.read.1.tlog
E:\RefCode\C#\InvokeC++DLL\ExportDll\ExportDll\x64\Release\CL.write.1.tlog
E:\RefCode\C#\InvokeC++DLL\ExportDll\ExportDll\x64\Release\ExportDll.write.1.tlog
E:\RefCode\C#\InvokeC++DLL\ExportDll\ExportDll\x64\Release\link-cvtres.read.1.tlog
E:\RefCode\C#\InvokeC++DLL\ExportDll\ExportDll\x64\Release\link-cvtres.write.1.tlog
E:\RefCode\C#\InvokeC++DLL\ExportDll\ExportDll\x64\Release\link-rc.read.1.tlog
E:\RefCode\C#\InvokeC++DLL\ExportDll\ExportDll\x64\Release\link-rc.write.1.tlog
E:\RefCode\C#\InvokeC++DLL\ExportDll\ExportDll\x64\Release\link.command.1.tlog
E:\RefCode\C#\InvokeC++DLL\ExportDll\ExportDll\x64\Release\link.read.1.tlog
E:\RefCode\C#\InvokeC++DLL\ExportDll\ExportDll\x64\Release\link.write.1.tlog
E:\RefCode\C#\InvokeC++DLL\ExportDll\ExportDll\x64\Release\ExportDll.pch
E:\RefCode\C#\InvokeC++DLL\ExportDll\ExportDll\x64\Release\vc110.pdb
E:\RefCode\C#\InvokeC++DLL\ExportDll\x64\Release\ExportDll.pdb
E:\RefCode\C#\InvokeC++DLL\ExportDll\x64\Release\ExportDll.dll
